
[INFO] : [FILE WATCHER] : Start Watching files
[INFO] : [FILE WATCHER] : Start Watching files
[INFO] : [FILE WATCHER] : Start Watching files
[INFO] : [FILE WATCHER] : Start Watching files
[INFO] : [FILE WATCHER] : Start Watching files
[INFO] : [FILE WATCHER] : Start Watching files
[INFO] : [FILE WATCHER] : Start Watching files
[INFO] : [FILE WATCHER] : Start Watching files
[INFO] : [FILE WATCHER] : Start Watching files
[INFO] : [FILE WATCHER] : Start Watching files
[INFO] : [FILE WATCHER] : Start Watching files
[INFO] : [FILE WATCHER] : Start Watching files
[INFO] : [FILE WATCHER] : Start Watching files
[INFO] : [FILE WATCHER] : Start Watching files
[INFO] : [FILE WATCHER] : Start Watching files
[INFO] : [FILE WATCHER] : Start Watching files
[INFO] : [FILE WATCHER] : Start Watching files
[INFO] : running
[INFO] : running
[INFO] : running
[INFO] : running
[INFO] : running
[INFO] : running
[INFO] : running
[INFO] : running
[INFO] : running
[INFO] : running
[INFO] : running
[INFO] : running
[INFO] : running
[INFO] : running
[INFO] : running
[INFO] : running
[INFO] : running
[INFO] : running
[INFO] : running
[INFO] : running
[INFO] : running
--------- 25/6/2017---------
11/58/58 [INFO] : running
11/59/0 [INFO] : running
11/59/2 [INFO] : running
11/59/4 [INFO] : running
11/59/6 [INFO] : running
11/59/8 [INFO] : running
11/59/10 [INFO] : running
11/59/12 [INFO] : running
11/59/14 [INFO] : running
11/59/16 [INFO] : running
11/59/18 [INFO] : running
11/59/20 [INFO] : running
11/59/22 [INFO] : running
11/59/24 [INFO] : running
11/59/26 [INFO] : running
11/59/28 [INFO] : running
11/59/30 [INFO] : running
11/59/32 [INFO] : running
11/59/34 [INFO] : running
11/59/36 [INFO] : running
11/59/38 [INFO] : running
11/59/40 [INFO] : running
11/59/42 [INFO] : running
11/59/44 [INFO] : running
11/59/46 [INFO] : running
11/59/48 [INFO] : running
--------- 25/6/2017---------
12/4/19 [INFO] : running
12/4/21 [INFO] : running
12/4/23 [INFO] : running
12/4/25 [INFO] : running
12/4/27 [INFO] : running
12/4/29 [INFO] : running
12/4/31 [INFO] : running
12/4/33 [INFO] : running
12/4/35 [INFO] : running
12/4/37 [INFO] : running
12/4/39 [INFO] : running
12/4/41 [INFO] : running
12/4/43 [INFO] : running
12/4/45 [INFO] : running
12/4/47 [INFO] : running
--------- 25/6/2017---------
12/24/23 [INFO] : running
12/24/25 [INFO] : running
12/24/27 [INFO] : running
12/24/29 [INFO] : running
12/24/31 [INFO] : running
12/24/33 [INFO] : running
12/24/35 [INFO] : running
12/24/37 [INFO] : running
12/24/39 [INFO] : running
12/24/41 [INFO] : running
12/24/43 [INFO] : running
--------- 25/6/2017---------
14/18/9 [INFO] : [FILE WATCHER] : Start Watching files
14/18/11 [INFO] : [FILE WATCHER] : Syncing Changed Files
14/18/13 [INFO] : [FILE WATCHER] : Syncing Changed Files
14/18/15 [INFO] : [FILE WATCHER] : Syncing Changed Files
14/18/17 [INFO] : [FILE WATCHER] : Syncing Changed Files
14/18/19 [INFO] : [FILE WATCHER] : Syncing Changed Files
14/18/21 [INFO] : [FILE WATCHER] : Syncing Changed Files
14/18/23 [INFO] : [FILE WATCHER] : Syncing Changed Files
14/18/25 [INFO] : [FILE WATCHER] : Syncing Changed Files
14/18/27 [INFO] : [FILE WATCHER] : Syncing Changed Files
14/18/29 [INFO] : [FILE WATCHER] : Syncing Changed Files
14/18/31 [INFO] : [FILE WATCHER] : Syncing Changed Files
14/18/33 [INFO] : [FILE WATCHER] : Syncing Changed Files
14/18/35 [INFO] : [FILE WATCHER] : Syncing Changed Files
14/18/37 [INFO] : [FILE WATCHER] : Syncing Changed Files
14/18/39 [INFO] : [FILE WATCHER] : Syncing Changed Files
14/18/41 [INFO] : [FILE WATCHER] : Syncing Changed Files
14/18/43 [INFO] : [FILE WATCHER] : Syncing Changed Files
14/18/45 [INFO] : [FILE WATCHER] : Syncing Changed Files
14/18/47 [INFO] : [FILE WATCHER] : Syncing Changed Files
14/18/49 [INFO] : [FILE WATCHER] : Syncing Changed Files
14/18/51 [INFO] : [FILE WATCHER] : Syncing Changed Files
14/18/53 [INFO] : [FILE WATCHER] : Syncing Changed Files
14/18/55 [INFO] : [FILE WATCHER] : Syncing Changed Files
14/18/57 [INFO] : [FILE WATCHER] : Syncing Changed Files
14/18/59 [INFO] : [FILE WATCHER] : Syncing Changed Files
14/19/1 [INFO] : [FILE WATCHER] : Syncing Changed Files
14/19/3 [INFO] : [FILE WATCHER] : Syncing Changed Files
14/19/5 [INFO] : [FILE WATCHER] : Syncing Changed Files
14/19/7 [INFO] : [FILE WATCHER] : Syncing Changed Files
14/19/9 [INFO] : [FILE WATCHER] : Syncing Changed Files
14/19/11 [INFO] : [FILE WATCHER] : Syncing Changed Files
14/19/13 [INFO] : [FILE WATCHER] : Syncing Changed Files
14/19/15 [INFO] : [FILE WATCHER] : Syncing Changed Files
14/19/17 [INFO] : [FILE WATCHER] : Syncing Changed Files
14/19/19 [INFO] : [FILE WATCHER] : Syncing Changed Files
--------- 25/6/2017---------
14:21:50 [INFO] : [FILE WATCHER] : Start Watching files
14:21:52 [INFO] : [FILE WATCHER] : Syncing Changed Files
14:21:54 [INFO] : [FILE WATCHER] : Syncing Changed Files
14:21:56 [INFO] : [FILE WATCHER] : Syncing Changed Files
14:21:58 [INFO] : [FILE WATCHER] : Syncing Changed Files
14:22:0 [INFO] : [FILE WATCHER] : Syncing Changed Files
14:22:2 [INFO] : [FILE WATCHER] : Syncing Changed Files
14:22:4 [INFO] : [FILE WATCHER] : Syncing Changed Files
14:22:6 [INFO] : [FILE WATCHER] : Syncing Changed Files
14:22:8 [INFO] : [FILE WATCHER] : Syncing Changed Files
14:22:10 [INFO] : [FILE WATCHER] : Syncing Changed Files
14:22:12 [INFO] : [FILE WATCHER] : Syncing Changed Files
14:22:14 [INFO] : [FILE WATCHER] : Syncing Changed Files
14:22:16 [INFO] : [FILE WATCHER] : Syncing Changed Files
14:22:18 [INFO] : [FILE WATCHER] : Syncing Changed Files
14:22:20 [INFO] : [FILE WATCHER] : Syncing Changed Files
14:22:22 [INFO] : [FILE WATCHER] : Syncing Changed Files
14:22:24 [INFO] : [FILE WATCHER] : Syncing Changed Files
14:22:26 [INFO] : [FILE WATCHER] : Syncing Changed Files
14:22:28 [INFO] : [FILE WATCHER] : Syncing Changed Files
14:22:30 [INFO] : [FILE WATCHER] : Syncing Changed Files
14:22:32 [INFO] : [FILE WATCHER] : Syncing Changed Files
14:22:34 [INFO] : [FILE WATCHER] : Syncing Changed Files
14:22:36 [INFO] : [FILE WATCHER] : Syncing Changed Files
14:22:38 [INFO] : [FILE WATCHER] : Syncing Changed Files
14:22:40 [INFO] : [FILE WATCHER] : Syncing Changed Files
14:22:42 [INFO] : [FILE WATCHER] : Syncing Changed Files
14:22:44 [INFO] : [FILE WATCHER] : Syncing Changed Files
14:22:46 [INFO] : [FILE WATCHER] : Syncing Changed Files
14:22:48 [INFO] : [FILE WATCHER] : Syncing Changed Files
14:22:50 [INFO] : [FILE WATCHER] : Syncing Changed Files
14:22:52 [INFO] : [FILE WATCHER] : Syncing Changed Files
--------- 25/6/2017---------
[INFO] : [FILE WATCHER] : Start Watching files( 14:26:56 )
[INFO] : [FILE WATCHER] : Syncing Changed Files( 14:26:58 )
[INFO] : [FILE WATCHER] : Syncing Changed Files( 14:27:0 )
[INFO] : [FILE WATCHER] : Syncing Changed Files( 14:27:2 )
[INFO] : [FILE WATCHER] : Syncing Changed Files( 14:27:4 )
[INFO] : [FILE WATCHER] : Syncing Changed Files( 14:27:6 )
[INFO] : [FILE WATCHER] : Syncing Changed Files( 14:27:8 )
[INFO] : [FILE WATCHER] : Syncing Changed Files( 14:27:10 )
[INFO] : [FILE WATCHER] : Syncing Changed Files( 14:27:12 )
[INFO] : [FILE WATCHER] : Syncing Changed Files( 14:27:14 )
[INFO] : [FILE WATCHER] : Syncing Changed Files( 14:27:16 )
--------- 25/6/2017---------
[INFO] : [FILE WATCHER] : Start Watching files  ( 14:28:10 )
[INFO] : [FILE WATCHER] : Syncing Changed Files  ( 14:28:12 )
[INFO] : [FILE WATCHER] : Syncing Changed Files  ( 14:28:14 )
[INFO] : [FILE WATCHER] : Syncing Changed Files  ( 14:28:16 )
[INFO] : [FILE WATCHER] : Syncing Changed Files  ( 14:28:18 )
[INFO] : [FILE WATCHER] : Syncing Changed Files  ( 14:28:20 )
[INFO] : [FILE WATCHER] : Syncing Changed Files  ( 14:28:22 )
[INFO] : [FILE WATCHER] : Syncing Changed Files  ( 14:28:24 )
[INFO] : [FILE WATCHER] : Syncing Changed Files  ( 14:28:26 )
